[2020-08-12T15:31:50.940] [DEBUG] api - 
[2020-08-12T15:33:01.941] [DEBUG] api - /v1/api/user/sign
[2020-08-12T15:38:16.041] [DEBUG] api - /v1/api/user/sign
[2020-08-12T15:46:07.803] [DEBUG] api - /v1/api/user/sign
[2020-08-12T17:42:20.545] [DEBUG] api - /v1/api/upload
[2020-08-12T17:42:42.414] [DEBUG] api - /v1/api/upload
[2020-08-12T17:43:29.571] [DEBUG] api - /1597225362420-dihntmt.jpg
[2020-08-12T17:43:38.551] [DEBUG] api - /file/img/1597225362420-dihntmt.jpg
[2020-08-12T17:43:46.698] [DEBUG] api - /files/img/1597225362420-dihntmt.jpg
[2020-08-12T17:44:00.731] [DEBUG] api - /files/img/1597225362420-dihntmt.jpg
[2020-08-12T17:46:03.626] [DEBUG] api - /files/img/1597225362420-dihntmt.jpg
[2020-08-12T17:46:04.421] [DEBUG] api - /files/img/1597225362420-dihntmt.jpg
[2020-08-12T17:46:04.892] [DEBUG] api - /files/img/1597225362420-dihntmt.jpg
[2020-08-12T17:46:31.492] [DEBUG] api - /files/img/1597225362420-dihntmt.jpg
[2020-08-12T17:46:32.066] [DEBUG] api - /files/img/1597225362420-dihntmt.jpg
[2020-08-12T17:46:32.225] [DEBUG] api - /files/img/1597225362420-dihntmt.jpg
[2020-08-12T17:46:32.372] [DEBUG] api - /files/img/1597225362420-dihntmt.jpg
[2020-08-12T17:46:32.538] [DEBUG] api - /files/img/1597225362420-dihntmt.jpg
[2020-08-12T17:46:32.686] [DEBUG] api - /files/img/1597225362420-dihntmt.jpg
[2020-08-12T17:46:32.847] [DEBUG] api - /files/img/1597225362420-dihntmt.jpg
[2020-08-12T17:46:32.993] [DEBUG] api - /files/img/1597225362420-dihntmt.jpg
[2020-08-12T17:46:33.148] [DEBUG] api - /files/img/1597225362420-dihntmt.jpg
[2020-08-12T17:46:33.297] [DEBUG] api - /files/img/1597225362420-dihntmt.jpg
[2020-08-12T17:46:33.452] [DEBUG] api - /files/img/1597225362420-dihntmt.jpg
[2020-08-12T17:46:33.799] [DEBUG] api - /files/img/1597225362420-dihntmt.jpg
[2020-08-12T17:46:33.974] [DEBUG] api - /files/img/1597225362420-dihntmt.jpg
[2020-08-12T17:47:56.073] [DEBUG] api - /files/img/1597225362420-dihntmt.jpg
[2020-08-12T17:47:58.856] [DEBUG] api - /favicon.ico
[2020-08-12T17:50:23.054] [DEBUG] api - /v1/api/upload
[2020-08-12T17:53:54.850] [DEBUG] api - /v1/api/upload
[2020-08-12T17:55:46.766] [DEBUG] api - /v1/api/upload
[2020-08-12T17:57:46.749] [DEBUG] api - /v1/api/upload
[2020-08-12T17:58:25.925] [DEBUG] api - /v1/api/upload
[2020-08-12T18:02:57.603] [DEBUG] api - /v1/api/upload
[2020-08-12T18:03:56.877] [DEBUG] api - /v1/api/upload
[2020-08-12T18:05:38.430] [DEBUG] api - /v1/api/upload
[2020-08-12T18:07:35.272] [DEBUG] api - /v1/api/upload
[2020-08-12T18:08:26.598] [DEBUG] api - /v1/api/upload
[2020-08-12T18:09:20.843] [DEBUG] api - /v1/api/upload
[2020-08-12T18:09:31.787] [DEBUG] api - /v1/api/upload
[2020-08-12T18:10:30.539] [DEBUG] api - /v1/api/user/sign
[2020-08-12T18:17:03.071] [DEBUG] api - /v1/api/user/sign
[2020-08-12T18:17:45.000] [DEBUG] api - /v1/api/user/sign
[2020-08-12T18:19:38.825] [DEBUG] api - /v1/api/user/sign
[2020-08-12T18:19:49.334] [DEBUG] api - /v1/api/upload
[2020-08-12T18:19:50.791] [DEBUG] api - /v1/api/user/sign
[2020-08-12T18:20:07.406] [DEBUG] api - /v1/api/user/sign
[2020-08-12T18:21:26.784] [DEBUG] api - /v1/api/user/sign
[2020-08-12T18:22:04.432] [DEBUG] api - /v1/api/upload
[2020-08-12T18:23:24.603] [DEBUG] api - /v1/api/user/sign
[2020-08-12T18:26:03.517] [DEBUG] api - /v1/api/upload
[2020-08-12T18:26:20.979] [DEBUG] api - /v1/api/user/sign
[2020-08-12T22:32:02.384] [DEBUG] api - /v1/api/user/sign
[2020-08-12T22:32:10.878] [DEBUG] api - /v1/api/user/sign
[2020-08-12T22:35:20.136] [DEBUG] api - /v1/api/user/login
[2020-08-12T22:52:16.787] [DEBUG] api - /v1/api/user/login
[2020-08-12T22:54:21.963] [DEBUG] api - /v1/api/user/login
[2020-08-12T23:09:00.049] [DEBUG] api - /v1/api/user/login
[2020-08-12T23:09:41.396] [DEBUG] api - /v1/api/user/login
[2020-08-12T23:10:22.134] [DEBUG] api - /v1/api/user/login
[2020-08-12T23:10:49.827] [DEBUG] api - /v1/api/user/login
[2020-08-12T23:14:49.178] [DEBUG] api - /v1/api/user/login
[2020-08-12T23:16:27.970] [DEBUG] api - /v1/api/user/login
[2020-08-12T23:21:23.926] [DEBUG] api - /v1/api/user/login
[2020-08-12T23:25:15.649] [DEBUG] api - /v1/api/user/login
